[    0.000000] Linux version 4.15.0-106-generic (buildd@lcy01-amd64-016) (gcc version 7.5.0 (Ubuntu 7.5.0-3ubuntu1~18.04)) #107-Ubuntu SMP Thu Jun 4 11:27:52 UTC 2020 (Ubuntu 4.15.0-106.107-generic 4.15.18)
[    0.000000] Command line: BOOT_IMAGE=/boot/vmlinuz-4.15.0-106-generic root=UUID=6969795d-2298-4346-a932-b89115857723 ro console=tty1 console=ttyS0
[    0.000000] KERNEL supported cpus:
[    0.000000]   Intel GenuineIntel
[    0.000000]   AMD AuthenticAMD
[    0.000000]   Centaur CentaurHauls
[    0.000000] x86/fpu: Supporting XSAVE feature 0x001: 'x87 floating point registers'
[    0.000000] x86/fpu: Supporting XSAVE feature 0x002: 'SSE registers'
[    0.000000] x86/fpu: Supporting XSAVE feature 0x004: 'AVX registers'
[    0.000000] x86/fpu: xstate_offset[2]:  576, xstate_sizes[2]:  256
[    0.000000] x86/fpu: Enabled xstate features 0x7, context size is 832 bytes, using 'standard' format.
[    0.000000] e820: BIOS-provided physical RAM map:
[    0.000000] BIOS-e820: [mem 0x0000000000000000-0x000000000009fbff] usable
[    0.000000] BIOS-e820: [mem 0x000000000009fc00-0x000000000009ffff] reserved
[    0.000000] BIOS-e820: [mem 0x00000000000f0000-0x00000000000fffff] reserved
[    0.000000] BIOS-e820: [mem 0x0000000000100000-0x000000003ffeffff] usable
[    0.000000] BIOS-e820: [mem 0x000000003fff0000-0x000000003fffffff] ACPI data
[    0.000000] BIOS-e820: [mem 0x00000000fec00000-0x00000000fec00fff] reserved
[    0.000000] BIOS-e820: [mem 0x00000000fee00000-0x00000000fee00fff] reserved
[    0.000000] BIOS-e820: [mem 0x00000000fffc0000-0x00000000ffffffff] reserved
[    0.000000] NX (Execute Disable) protection: active
[    0.000000] SMBIOS 2.5 present.
[    0.000000] DMI: innotek GmbH VirtualBox/VirtualBox, BIOS VirtualBox 12/01/2006
[    0.000000] Hypervisor detected: KVM
[    0.000000] e820: last_pfn = 0x3fff0 max_arch_pfn = 0x400000000
[    0.000000] MTRR: Disabled
[    0.000000] x86/PAT: MTRRs disabled, skipping PAT initialization too.
[    0.000000] CPU MTRRs all blank - virtualized system.
[    0.000000] x86/PAT: Configuration [0-7]: WB  WT  UC- UC  WB  WT  UC- UC  
[    0.000000] found SMP MP-table at [mem 0x0009fff0-0x0009ffff]
[    0.000000] Scanning 1 areas for low memory corruption
[    0.000000] RAMDISK: [mem 0x3595f000-0x36ca6fff]
[    0.000000] ACPI: Early table checksum verification disabled
[    0.000000] ACPI: RSDP 0x00000000000E0000 000024 (v02 VBOX  )
[    0.000000] ACPI: XSDT 0x000000003FFF0030 00003C (v01 VBOX   VBOXXSDT 00000001 ASL  00000061)
[    0.000000] ACPI: FACP 0x000000003FFF00F0 0000F4 (v04 VBOX   VBOXFACP 00000001 ASL  00000061)
[    0.000000] ACPI: DSDT 0x000000003FFF0470 0022EA (v02 VBOX   VBOXBIOS 00000002 INTL 20100528)
[    0.000000] ACPI: FACS 0x000000003FFF0200 000040
[    0.000000] ACPI: FACS 0x000000003FFF0200 000040
[    0.000000] ACPI: APIC 0x000000003FFF0240 00005C (v02 VBOX   VBOXAPIC 00000001 ASL  00000061)
[    0.000000] ACPI: SSDT 0x000000003FFF02A0 0001CC (v01 VBOX   VBOXCPUT 00000002 INTL 20100528)
[    0.000000] No NUMA configuration found
[    0.000000] Faking a node at [mem 0x0000000000000000-0x000000003ffeffff]
[    0.000000] NODE_DATA(0) allocated [mem 0x3ffc5000-0x3ffeffff]
[    0.000000] kvm-clock: cpu 0, msr 0:3ff44001, primary cpu clock
[    0.000000] kvm-clock: Using msrs 4b564d01 and 4b564d00
[    0.000000] kvm-clock: using sched offset of 3724302812 cycles
[    0.000000] clocksource: kvm-clock: mask: 0xffffffffffffffff max_cycles: 0x1cd42e4dffb, max_idle_ns: 881590591483 ns
[    0.000000] Zone ranges:
[    0.000000]   DMA      [mem 0x0000000000001000-0x0000000000ffffff]
[    0.000000]   DMA32    [mem 0x0000000001000000-0x000000003ffeffff]
[    0.000000]   Normal   empty
[    0.000000]   Device   empty
[    0.000000] Movable zone start for each node
[    0.000000] Early memory node ranges
[    0.000000]   node   0: [mem 0x0000000000001000-0x000000000009efff]
[    0.000000]   node   0: [mem 0x0000000000100000-0x000000003ffeffff]
[    0.000000] Reserved but unavailable: 98 pages
[    0.000000] Initmem setup node 0 [mem 0x0000000000001000-0x000000003ffeffff]
[    0.000000] ACPI: PM-Timer IO Port: 0x4008
[    0.000000] IOAPIC[0]: apic_id 2, version 32, address 0xfec00000, GSI 0-23
[    0.000000] ACPI: INT_SRC_OVR (bus 0 bus_irq 0 global_irq 2 dfl dfl)
[    0.000000] ACPI: INT_SRC_OVR (bus 0 bus_irq 9 global_irq 9 low level)
[    0.000000] Using ACPI (MADT) for SMP configuration information
[    0.000000] smpboot: Allowing 2 CPUs, 0 hotplug CPUs
[    0.000000] PM: Registered nosave memory: [mem 0x00000000-0x00000fff]
[    0.000000] PM: Registered nosave memory: [mem 0x0009f000-0x0009ffff]
[    0.000000] PM: Registered nosave memory: [mem 0x000a0000-0x000effff]
[    0.000000] PM: Registered nosave memory: [mem 0x000f0000-0x000fffff]
[    0.000000] e820: [mem 0x40000000-0xfebfffff] available for PCI devices
[    0.000000] Booting paravirtualized kernel on KVM
[    0.000000] clocksource: refined-jiffies: mask: 0xffffffff max_cycles: 0xffffffff, max_idle_ns: 7645519600211568 ns
[    0.000000] random: get_random_bytes called from start_kernel+0x99/0x4fd with crng_init=0
[    0.000000] setup_percpu: NR_CPUS:8192 nr_cpumask_bits:2 nr_cpu_ids:2 nr_node_ids:1
[    0.000000] percpu: Embedded 45 pages/cpu s147456 r8192 d28672 u1048576
[    0.000000] PV qspinlock hash table entries: 256 (order: 0, 4096 bytes)
[    0.000000] Built 1 zonelists, mobility grouping on.  Total pages: 257913
[    0.000000] Policy zone: DMA32
[    0.000000] Kernel command line: BOOT_IMAGE=/boot/vmlinuz-4.15.0-106-generic root=UUID=6969795d-2298-4346-a932-b89115857723 ro console=tty1 console=ttyS0
[    0.000000] Memory: 982508K/1048120K available (12300K kernel code, 2481K rwdata, 4272K rodata, 2436K init, 2720K bss, 65612K reserved, 0K cma-reserved)
[    0.000000] SLUB: HWalign=64, Order=0-3, MinObjects=0, CPUs=2, Nodes=1
[    0.000000] Kernel/User page tables isolation: enabled
[    0.000000] ftrace: allocating 39378 entries in 154 pages
[    0.004000] Hierarchical RCU implementation.
[    0.004000] 	RCU restricting CPUs from NR_CPUS=8192 to nr_cpu_ids=2.
[    0.004000] 	Tasks RCU enabled.
[    0.004000] RCU: Adjusting geometry for rcu_fanout_leaf=16, nr_cpu_ids=2
[    0.004000] NR_IRQS: 524544, nr_irqs: 440, preallocated irqs: 16
[    0.004000] Console: colour VGA+ 80x25
[    0.004000] console [tty1] enabled
[    0.004000] console [ttyS0] enabled
[    0.004000] ACPI: Core revision 20170831
[    0.004000] ACPI: 2 ACPI AML tables successfully acquired and loaded
[    0.004000] APIC: Switch to symmetric I/O mode setup
[    0.004000] x2apic enabled
[    0.004000] Switched APIC routing to physical x2apic.
[    0.004000] ..TIMER: vector=0x30 apic1=0 pin1=2 apic2=-1 pin2=-1
[    0.004004] tsc: Detected 1391.999 MHz processor
[    0.004839] Calibrating delay loop (skipped) preset value.. 2783.99 BogoMIPS (lpj=5567996)
[    0.005603] pid_max: default: 32768 minimum: 301
[    0.008035] Security Framework initialized
[    0.008790] Yama: becoming mindful.
[    0.009466] AppArmor: AppArmor initialized
[    0.011529] Dentry cache hash table entries: 131072 (order: 8, 1048576 bytes)
[    0.012086] Inode-cache hash table entries: 65536 (order: 7, 524288 bytes)
[    0.013314] Mount-cache hash table entries: 2048 (order: 2, 16384 bytes)
[    0.014483] Mountpoint-cache hash table entries: 2048 (order: 2, 16384 bytes)
[    0.016297] Last level iTLB entries: 4KB 64, 2MB 8, 4MB 8
[    0.017271] Last level dTLB entries: 4KB 64, 2MB 0, 4MB 0, 1GB 4
[    0.018323] Spectre V1 : Mitigation: usercopy/swapgs barriers and __user pointer sanitization
[    0.020002] Spectre V2 : Mitigation: Full generic retpoline
[    0.020994] Spectre V2 : Spectre v2 / SpectreRSB mitigation: Filling RSB on context switch
[    0.022454] Speculative Store Bypass: Vulnerable
[    0.023319] SRBDS: Unknown: Dependent on hypervisor status
[    0.024001] MDS: Mitigation: Clear CPU buffers
[    0.024948] Freeing SMP alternatives memory: 36K
[    0.136374] smpboot: CPU0: Intel(R) Core(TM) i5-8257U CPU @ 1.40GHz (family: 0x6, model: 0x8e, stepping: 0xa)
[    0.138994] Performance Events: unsupported p6 CPU model 142 no PMU driver, software events only.
[    0.140035] Hierarchical SRCU implementation.
[    0.141507] NMI watchdog: Perf event create on CPU 0 failed with -2
[    0.142617] NMI watchdog: Perf NMI watchdog permanently disabled
[    0.144037] smp: Bringing up secondary CPUs ...
[    0.144928] x86: Booting SMP configuration:
[    0.145711] .... node  #0, CPUs:      #1
[    0.004000] kvm-clock: cpu 1, msr 0:3ff44041, secondary cpu clock
[    0.150611] smp: Brought up 1 node, 2 CPUs
[    0.150611] smpboot: Max logical packages: 1
[    0.152010] smpboot: Total of 2 processors activated (5567.99 BogoMIPS)
[    0.154650] devtmpfs: initialized
[    0.156078] x86/mm: Memory block size: 128MB
[    0.157466] evm: security.selinux
[    0.158456] evm: security.SMACK64
[    0.159467] evm: security.SMACK64EXEC
[    0.160067] evm: security.SMACK64TRANSMUTE
[    0.161000] evm: security.SMACK64MMAP
[    0.162173] evm: security.apparmor
[    0.162936] evm: security.ima
[    0.164007] evm: security.capability
[    0.164748] clocksource: jiffies: mask: 0xffffffff max_cycles: 0xffffffff, max_idle_ns: 7645041785100000 ns
[    0.165778] futex hash table entries: 512 (order: 3, 32768 bytes)
[    0.169105] pinctrl core: initialized pinctrl subsystem
[    0.170503] RTC time:  4:20:34, date: 09/02/20
[    0.172154] NET: Registered protocol family 16
[    0.173262] audit: initializing netlink subsys (disabled)
[    0.174355] audit: type=2000 audit(1599020438.894:1): state=initialized audit_enabled=0 res=1
[    0.176015] cpuidle: using governor ladder
[    0.176778] cpuidle: using governor menu
[    0.177542] ACPI: bus type PCI registered
[    0.178300] acpiphp: ACPI Hot Plug PCI Controller Driver version: 0.5
[    0.180104] PCI: Using configuration type 1 for base access
[    0.181118] HugeTLB registered 2.00 MiB page size, pre-allocated 0 pages
[    0.184061] ACPI: Added _OSI(Module Device)
[    0.185103] ACPI: Added _OSI(Processor Device)
[    0.185916] ACPI: Added _OSI(3.0 _SCP Extensions)
[    0.186797] ACPI: Added _OSI(Processor Aggregator Device)
[    0.188005] ACPI: Added _OSI(Linux-Dell-Video)
[    0.188836] ACPI: Added _OSI(Linux-Lenovo-NV-HDMI-Audio)
[    0.190083] ACPI: Added _OSI(Linux-HPI-Hybrid-Graphics)
[    0.192327] ACPI: Executed 1 blocks of module-level executable AML code
[    0.196000] ACPI: Interpreter enabled
[    0.196014] ACPI: (supports S0 S5)
[    0.196827] ACPI: Using IOAPIC for interrupt routing
[    0.197910] PCI: Using host bridge windows from ACPI; if necessary, use "pci=nocrs" and report a bug
[    0.200179] ACPI: Enabled 2 GPEs in block 00 to 07
[    0.207121] ACPI: PCI Root Bridge [PCI0] (domain 0000 [bus 00-ff])
[    0.208007] acpi PNP0A03:00: _OSC: OS supports [ASPM ClockPM Segments MSI]
[    0.209567] acpi PNP0A03:00: _OSC: not requesting OS control; OS requires [ExtendedConfig ASPM ClockPM MSI]
[    0.211767] acpi PNP0A03:00: fail to add MMCONFIG information, can't access extended PCI configuration space under this bridge.
[    0.212381] PCI host bridge to bus 0000:00
[    0.213135] pci_bus 0000:00: root bus resource [io  0x0000-0x0cf7 window]
[    0.216003] pci_bus 0000:00: root bus resource [io  0x0d00-0xffff window]
[    0.217199] pci_bus 0000:00: root bus resource [mem 0x000a0000-0x000bffff window]
[    0.218564] pci_bus 0000:00: root bus resource [mem 0x40000000-0xfdffffff window]
[    0.220002] pci_bus 0000:00: root bus resource [bus 00-ff]
[    0.224729] pci 0000:00:01.1: legacy IDE quirk: reg 0x10: [io  0x01f0-0x01f7]
[    0.225984] pci 0000:00:01.1: legacy IDE quirk: reg 0x14: [io  0x03f6]
[    0.227157] pci 0000:00:01.1: legacy IDE quirk: reg 0x18: [io  0x0170-0x0177]
[    0.228002] pci 0000:00:01.1: legacy IDE quirk: reg 0x1c: [io  0x0376]
[    0.243407] pci 0000:00:07.0: quirk: [io  0x4000-0x403f] claimed by PIIX4 ACPI
[    0.244018] pci 0000:00:07.0: quirk: [io  0x4100-0x410f] claimed by PIIX4 SMB
[    0.254450] ACPI: PCI Interrupt Link [LNKA] (IRQs 5 9 10 *11)
[    0.256100] ACPI: PCI Interrupt Link [LNKB] (IRQs 5 9 *10 11)
[    0.257287] ACPI: PCI Interrupt Link [LNKC] (IRQs 5 *9 10 11)
[    0.258452] ACPI: PCI Interrupt Link [LNKD] (IRQs 5 9 10 *11)
[    0.259835] SCSI subsystem initialized
[    0.260045] pci 0000:00:02.0: vgaarb: setting as boot VGA device
[    0.261086] pci 0000:00:02.0: vgaarb: VGA device added: decodes=io+mem,owns=io+mem,locks=none
[    0.263110] pci 0000:00:02.0: vgaarb: bridge control possible
[    0.264002] vgaarb: loaded
[    0.264551] ACPI: bus type USB registered
[    0.265316] usbcore: registered new interface driver usbfs
[    0.266404] usbcore: registered new interface driver hub
[    0.268017] usbcore: registered new device driver usb
[    0.268973] EDAC MC: Ver: 3.0.0
[    0.268973] PCI: Using ACPI for IRQ routing
[    0.269131] NetLabel: Initializing
[    0.272002] NetLabel:  domain hash size = 128
[    0.272796] NetLabel:  protocols = UNLABELED CIPSOv4 CALIPSO
[    0.273813] NetLabel:  unlabeled traffic allowed by default
[    0.274834] clocksource: Switched to clocksource kvm-clock
[    0.284332] VFS: Disk quotas dquot_6.6.0
[    0.285604] VFS: Dquot-cache hash table entries: 512 (order 0, 4096 bytes)
[    0.287107] AppArmor: AppArmor Filesystem Enabled
[    0.288006] pnp: PnP ACPI init
[    0.289794] pnp: PnP ACPI: found 3 devices
[    0.298736] clocksource: acpi_pm: mask: 0xffffff max_cycles: 0xffffff, max_idle_ns: 2085701024 ns
[    0.300861] NET: Registered protocol family 2
[    0.301828] TCP established hash table entries: 8192 (order: 4, 65536 bytes)
[    0.303426] TCP bind hash table entries: 8192 (order: 5, 131072 bytes)
[    0.305771] TCP: Hash tables configured (established 8192 bind 8192)
[    0.306924] UDP hash table entries: 512 (order: 2, 16384 bytes)
[    0.307972] UDP-Lite hash table entries: 512 (order: 2, 16384 bytes)
[    0.309374] NET: Registered protocol family 1
[    0.310180] pci 0000:00:00.0: Limiting direct PCI/PCI transfers
[    0.311253] pci 0000:00:01.0: Activating ISA DMA hang workarounds
[    0.312449] pci 0000:00:02.0: Video device with shadowed ROM at [mem 0x000c0000-0x000dffff]
[    0.314059] Unpacking initramfs...
[    0.575302] Freeing initrd memory: 19744K
[    0.576307] clocksource: tsc: mask: 0xffffffffffffffff max_cycles: 0x14109a24aaa, max_idle_ns: 440795250993 ns
[    0.578241] platform rtc_cmos: registered platform RTC device (no PNP device found)
[    0.579622] Scanning for low memory corruption every 60 seconds
[    0.581231] Initialise system trusted keyrings
[    0.582061] Key type blacklist registered
[    0.582962] workingset: timestamp_bits=36 max_order=18 bucket_order=0
[    0.584817] zbud: loaded
[    0.585747] squashfs: version 4.0 (2009/01/31) Phillip Lougher
[    0.586930] fuse init (API version 7.26)
[    0.590303] Key type asymmetric registered
[    0.591086] Asymmetric key parser 'x509' registered
[    0.592013] Block layer SCSI generic (bsg) driver version 0.4 loaded (major 246)
[    0.593463] io scheduler noop registered
[    0.594186] io scheduler deadline registered
[    0.594986] io scheduler cfq registered (default)
[    0.596415] ACPI: AC Adapter [AC] (on-line)
[    0.597238] input: Power Button as /devices/LNXSYSTM:00/LNXPWRBN:00/input/input0
[    0.598644] ACPI: Power Button [PWRF]
[    0.599404] input: Sleep Button as /devices/LNXSYSTM:00/LNXSLPBN:00/input/input1
[    0.600931] ACPI: Sleep Button [SLPF]
[    0.603091] ACPI: Battery Slot [BAT0] (battery present)
[    0.604277] Serial: 8250/16550 driver, 32 ports, IRQ sharing enabled
[    0.626367] 00:02: ttyS0 at I/O 0x3f8 (irq = 4, base_baud = 115200) is a 16550A
[    0.632383] Linux agpgart interface v0.103
[    0.635415] loop: module loaded
[    0.636950] scsi host0: ata_piix
[    0.637963] scsi host1: ata_piix
[    0.638597] ata1: PATA max UDMA/33 cmd 0x1f0 ctl 0x3f6 bmdma 0xd000 irq 14
[    0.639805] ata2: PATA max UDMA/33 cmd 0x170 ctl 0x376 bmdma 0xd008 irq 15
[    0.641432] libphy: Fixed MDIO Bus: probed
[    0.642217] tun: Universal TUN/TAP device driver, 1.6
[    0.643330] PPP generic driver version 2.4.2
[    0.644536] ehci_hcd: USB 2.0 'Enhanced' Host Controller (EHCI) Driver
[    0.646001] ehci-pci: EHCI PCI platform driver
[    0.647381] ehci-platform: EHCI generic platform driver
[    0.648464] ohci_hcd: USB 1.1 'Open' Host Controller (OHCI) Driver
[    0.649646] ohci-pci: OHCI PCI platform driver
[    0.650500] ohci-platform: OHCI generic platform driver
[    0.651463] uhci_hcd: USB Universal Host Controller Interface driver
[    0.652771] i8042: PNP: PS/2 Controller [PNP0303:PS2K,PNP0f03:PS2M] at 0x60,0x64 irq 1,12
[    0.655183] serio: i8042 KBD port at 0x60,0x64 irq 1
[    0.656122] serio: i8042 AUX port at 0x60,0x64 irq 12
[    0.657301] mousedev: PS/2 mouse device common for all mice
[    0.658850] input: AT Translated Set 2 keyboard as /devices/platform/i8042/serio0/input/input2
[    0.660638] rtc_cmos rtc_cmos: rtc core: registered rtc_cmos as rtc0
[    0.661893] rtc_cmos rtc_cmos: alarms up to one day, 114 bytes nvram
[    0.663024] i2c /dev entries driver
[    0.663728] device-mapper: uevent: version 1.0.3
[    0.664673] device-mapper: ioctl: 4.37.0-ioctl (2017-09-20) initialised: dm-devel@redhat.com
[    0.666247] ledtrig-cpu: registered to indicate activity on CPUs
[    0.667646] NET: Registered protocol family 10
[    0.672932] Segment Routing with IPv6
[    0.673716] NET: Registered protocol family 17
[    0.674588] Key type dns_resolver registered
[    0.675526] mce: Using 0 MCE banks
[    0.676206] RAS: Correctable Errors collector initialized.
[    0.677242] sched_clock: Marking stable (676190689, 0)->(822042837, -145852148)
[    0.678866] registered taskstats version 1
[    0.679627] Loading compiled-in X.509 certificates
[    0.682395] Loaded X.509 cert 'Build time autogenerated kernel key: b1772ce3e036cbf6bf2b7e9ed9be0f8806d61091'
[    0.684682] zswap: loaded using pool lzo/zbud
[    0.688437] Key type big_key registered
[    0.689515] Key type trusted registered
[    0.691584] Key type encrypted registered
[    0.692357] AppArmor: AppArmor sha1 policy hashing enabled
[    0.693435] ima: No TPM chip found, activating TPM-bypass! (rc=-19)
[    0.694540] ima: Allocated hash algorithm: sha1
[    0.695373] evm: HMAC attrs: 0x1
[    0.696299]   Magic number: 4:859:311
[    0.697068] rtc_cmos rtc_cmos: setting system clock to 2020-09-02 04:20:34 UTC (1599020434)
[    0.698645] BIOS EDD facility v0.16 2004-Jun-25, 0 devices found
[    0.699706] EDD information not available.
[    0.803078] Freeing unused kernel image memory: 2436K
[    0.812808] Write protecting the kernel read-only data: 20480k
[    0.816110] Freeing unused kernel image memory: 2008K
[    0.817785] Freeing unused kernel image memory: 1872K
[    0.825891] x86/mm: Checked W+X mappings: passed, no W+X pages found.
[    0.828144] x86/mm: Checking user space page tables
[    0.834962] x86/mm: Checked W+X mappings: passed, no W+X pages found.
Loading, please wait...
starting version 237
[    0.892025] e1000: Intel(R) PRO/1000 Network Driver - version 7.3.21-k8-NAPI
[    0.894178] e1000: Copyright (c) 1999-2006 Intel Corporation.
[    0.902159] Fusion MPT base driver 3.04.20
[    0.903391] Copyright (c) 1999-2008 LSI Corporation
[    0.909661] Fusion MPT SPI Host driver 3.04.20
[    0.918137] AVX2 version of gcm_enc/dec engaged.
[    0.919369] AES CTR mode by8 optimization enabled
[    1.113215] input: ImExPS/2 Generic Explorer Mouse as /devices/platform/i8042/serio1/input/input4
[    1.300498] e1000 0000:00:03.0 eth0: (PCI:33MHz:32-bit) 02:22:e7:1f:39:14
[    1.303069] e1000 0000:00:03.0 eth0: Intel(R) PRO/1000 Network Connection
[    1.711738] e1000 0000:00:08.0 eth1: (PCI:33MHz:32-bit) 08:00:27:4a:8e:1b
[    1.714308] e1000 0000:00:08.0 eth1: Intel(R) PRO/1000 Network Connection
[    1.716901] e1000 0000:00:03.0 enp0s3: renamed from eth0
[    1.724499] mptbase: ioc0: Initiating bringup
[    1.736852] e1000 0000:00:08.0 enp0s8: renamed from eth1
[    2.071419] ioc0: LSI53C1030 A0: Capabilities={Initiator}
[    3.054581] scsi host2: ioc0: LSI53C1030 A0, FwRev=00000000h, Ports=1, MaxQ=256, IRQ=20
[    3.540264] scsi 2:0:0:0: Direct-Access     VBOX     HARDDISK         1.0  PQ: 0 ANSI: 5
[    3.568345] scsi target2:0:0: Beginning Domain Validation
[    3.572851] scsi target2:0:0: Domain Validation skipping write tests
[    3.574242] scsi target2:0:0: Ending Domain Validation
[    3.575348] scsi target2:0:0: asynchronous
[    3.576536] scsi 2:0:1:0: Direct-Access     VBOX     HARDDISK         1.0  PQ: 0 ANSI: 5
[    4.017791] scsi target2:0:1: Beginning Domain Validation
[    4.020166] random: fast init done
[    4.021313] scsi target2:0:1: Domain Validation skipping write tests
[    4.023224] scsi target2:0:1: Ending Domain Validation
[    4.024627] scsi target2:0:1: asynchronous
[    4.030593] random: systemd-udevd: uninitialized urandom read (16 bytes read)
[    4.032154] random: systemd-udevd: uninitialized urandom read (16 bytes read)
[    4.034058] random: systemd-udevd: uninitialized urandom read (16 bytes read)
[    4.036131] sd 2:0:0:0: [sda] 20971520 512-byte logical blocks: (10.7 GB/10.0 GiB)
[    4.036220] sd 2:0:0:0: Attached scsi generic sg0 type 0
[    4.038602] sd 2:0:0:0: [sda] Write Protect is off
[    4.040114] sd 2:0:1:0: Attached scsi generic sg1 type 0
[    4.040205] sd 2:0:0:0: [sda] Incomplete mode parameter data
[    4.042418] sd 2:0:0:0: [sda] Assuming drive cache: write through
[    4.043683] sd 2:0:1:0: [sdb] 20480 512-byte logical blocks: (10.5 MB/10.0 MiB)
[    4.045913] sd 2:0:1:0: [sdb] Write Protect is off
[    4.047086] sd 2:0:1:0: [sdb] Incomplete mode parameter data
[    4.048230] sd 2:0:1:0: [sdb] Assuming drive cache: write through
[    4.050887]  sda: sda1
[    4.053099] sd 2:0:0:0: [sda] Attached SCSI disk
[    4.054406] sd 2:0:1:0: [sdb] Attached SCSI disk
Begin: Loading essential drivers ... [    5.448197] raid6: sse2x1   gen() 13029 MB/s
[    5.496769] raid6: sse2x1   xor()  9646 MB/s
[    5.546842] raid6: sse2x2   gen() 17040 MB/s
[    5.596938] raid6: sse2x2   xor() 11148 MB/s
[    5.644111] raid6: sse2x4   gen() 18319 MB/s
[    5.692409] raid6: sse2x4   xor() 10917 MB/s
[    5.741392] raid6: avx2x1   gen() 25905 MB/s
[    5.795252] raid6: avx2x1   xor() 21041 MB/s
[    5.846858] raid6: avx2x2   gen() 32572 MB/s
[    5.896967] raid6: avx2x2   xor() 19683 MB/s
[    5.944423] raid6: avx2x4   gen() 35772 MB/s
[    5.992146] raid6: avx2x4   xor() 20954 MB/s
[    5.993219] raid6: using algorithm avx2x4 gen() 35772 MB/s
[    5.994402] raid6: .... xor() 20954 MB/s, rmw enabled
[    5.995358] raid6: using avx2x2 recovery algorithm
[    5.997596] xor: automatically using best checksumming function   avx       
[    6.000197] async_tx: api initialized (async)
done.
Begin: Running /scripts/init-premount ... done.
Begin: Mounting root file system ... Begin: Running /scripts/local-top ... done.
Begin: Running /scripts/local-premount ... [    6.039469] Btrfs loaded, crc32c=crc32c-intel
Scanning for Btrfs filesystems
done.
Warning: fsck not present, so skipping root file system
[    6.064346] EXT4-fs (sda1): mounted filesystem with ordered data mode. Opts: (null)
done.
Begin: Running /scripts/local-bottom ... done.
Begin: Running /scripts/init-bottom ... done.
[    6.254109] ip_tables: (C) 2000-2006 Netfilter Core Team
[    6.263836] systemd[1]: systemd 237 running in system mode. (+PAM +AUDIT +SELINUX +IMA +APPARMOR +SMACK +SYSVINIT +UTMP +LIBCRYPTSETUP +GCRYPT +GNUTLS +ACL +XZ +LZ4 +SECCOMP +BLKID +ELFUTILS +KMOD -IDN2 +IDN -PCRE2 default-hierarchy=hybrid)
[    6.267584] systemd[1]: Detected virtualization oracle.
[    6.268795] systemd[1]: Detected architecture x86-64.

Welcome to [1mUbuntu 18.04.3 LTS[0m!

[    6.273815] systemd[1]: Set hostname to <ubuntu-bionic>.
[    6.532614] systemd[1]: Reached target User and Group Name Lookups.
[[0;32m  OK  [0m] Reached target User and Group Name Lookups.
[    6.534707] systemd[1]: Reached target Swap.
[[0;32m  OK  [0m] Reached target Swap.
[    6.537298] systemd[1]: Created slice User and Session Slice.
[[0;32m  OK  [0m] Created slice User and Session Slice.
[    6.539077] systemd[1]: Started Forward Password Requests to Wall Directory Watch.
[[0;32m  OK  [0m] Started Forward Password Requests to Wall Directory Watch.
[    6.541631] systemd[1]: Set up automount Arbitrary Executable File Formats File System Automount Point.
[[0;32m  OK  [0m] Set up automount Arbitrary Executab…rmats File System Automount Point.
[    6.544929] systemd[1]: Created slice System Slice.
[[0;32m  OK  [0m] Created slice System Slice.
[[0;32m  OK  [0m] Listening on Network Service Netlink Socket.
[[0;32m  OK  [0m] Listening on udev Control Socket.
[[0;32m  OK  [0m] Listening on udev Kernel Socket.
[[0;32m  OK  [0m] Reached target Slices.
[[0;32m  OK  [0m] Listening on Syslog Socket.
[[0;32m  OK  [0m] Listening on Journal Audit Socket.
[[0;32m  OK  [0m] Listening on Journal Socket.
         Mounting POSIX Message Queue File System...
         Starting Load Kernel Modules...
         Mounting Huge Pages File System...
[[0;32m  OK  [0m] Listening on LVM2 poll daemon socket.
         Starting Remount Root and Kernel File Systems...
[[0;32m  OK  [0m] Created slice system-serial\x2dgetty.slice.
         Starting udev Coldplug all Devices...
[[0;32m  OK  [0m] Listening on Device-mapper event daemon FIFOs.
[[0;32m  OK  [0m] Listening on Journal Socket (/dev/log).
         Starting Journal Service...
         Starting Set the console keyboard layout...
[    6.582309] Loading iSCSI transport class v2.0-870.
[[0;32m  OK  [0m] Reached target System Time Synchronized.
[    6.589088] iscsi: registered transport (tcp)
[[0;32m  OK  [0m] Listening on LVM2 metadata daemon socket.
         Starting Monitoring of LVM2 mirrors…ng dmeventd or progress po[    6.602848] iscsi: registered transport (iser)
lling...
         Starting Uncomplicated firewall...
         Starting Create list of required st…ce nodes for the current kernel...
[[0;32m  OK  [0m] Listening on /dev/initctl Compatibility Named Pipe.
         Mounting Kernel Debug File System...
[[0;32m  OK  [0m] Mounted POSIX Message Queue File System.
[[0;32m  OK  [0m] Started Load Kernel Modules.
[[0;32m  OK  [0m] Mounted Huge Pages File System.
[[0;32m  OK  [0m] Mounted Kernel Debug File System.
         Mounting FUSE Control File System...
         Mounting Kernel Configuration File System...
         Starting Apply Kernel Variables...
[[0;32m  OK  [0m] Mounted FUSE Control File System.
[[0;32m  OK  [0m] Mounted Kernel Configuration File System.
[[0;32m  OK  [0m] Started Journal Service.
[[0;32m  OK  [0m] Started LVM2 metadata daemon.
[    6.687076] EXT4-fs (sda1): re-mounted. Opts: (null)
[[0;32m  OK  [0m] Started Uncomplicated firewall.
[[0;32m  OK  [0m] Started Create list of required sta…vice nodes for the current kernel.
[[0;32m  OK  [0m] Started Remount Root and Kernel File Systems.
[[0;32m  OK  [0m] Started udev Coldplug all Devices.
         Starting Flush Journal to Persistent Storage...
         Starting Load/Save Random Seed...
         Starting Create Static Device Nodes in /dev...
[[0;32m  OK  [0m] Started Monitoring of LVM2 mirrors,…sing dmeventd or progress polling.
[[0;32m  OK  [0m] Started Apply Kernel Variables.
[[0;32m  OK  [0m] Started Load/Save Random Seed.
[[0;32m  OK  [0m] Started Create Static Device Nodes in /dev.
         Starting udev Kernel Device Manager...
[[0;32m  OK  [0m] Started udev Kernel Device Manager.
[[0;32m  OK  [0m] Started Set the console keyboard layout.
[[0;32m  OK  [0m] Reached target Local File Systems (Pre).
[[0;32m  OK  [0m] Reached target Local File Systems.
         Starting AppArmor initialization...
         Starting Set console font and keymap...
         Starting ebtables ruleset management...
         Starting Tell Plymouth To Write Out Runtime Data...
[[0;32m  OK  [0m] Started Dispatch Password Requests to Console Directory Watch.
[[0;32m  OK  [0m] Reached target Local Encrypted Volumes.
[[0;32m  OK  [0m] Started Set console font and keymap.
[[0;32m  OK  [0m] Started Tell Plymouth To Write Out Runtime Data.
[[0;32m  OK  [0m] Started ebtables ruleset management.
[[0;32m  OK  [0m] Found device /dev/ttyS0.
[[0;32m  OK  [0m] Started Flush Journal to Persistent Storage.
         Starting Create Volatile Files and Directories...
[[0;32m  OK  [0m] Listening on Load/Save RF Kill Switch Status /dev/rfkill Watch.
[[0;32m  OK  [0m] Started Create Volatile Files and Directories.
         Starting Update UTMP about System Boot/Shutdown...
[[0;32m  OK  [0m] Started Update UTMP about System Boot/Shutdown.
[[0;32m  OK  [0m] Started AppArmor initialization.
         Starting Initial cloud-init job (pre-networking)...
[    8.297244] cloud-init[567]: Cloud-init v. 19.3-41-gc4735dd3-0ubuntu1~18.04.1 running 'init-local' at Wed, 02 Sep 2020 04:20:41 +0000. Up 8.09 seconds.
[[0;32m  OK  [0m] Started Initial cloud-init job (pre-networking).
[[0;32m  OK  [0m] Reached target Network (Pre).
         Starting Network Service...
[[0;32m  OK  [0m] Started Network Service.
         Starting Network Name Resolution...
         Starting Wait for Network to be Configured...
[[0;32m  OK  [0m] Started Network Name Resolution.
[[0;32m  OK  [0m] Reached target Host and Network Name Lookups.
[[0;32m  OK  [0m] Reached target Network.
[[0;32m  OK  [0m] Started Wait for Network to be Configured.
         Starting Initial cloud-init job (metadata service crawler)...
[   10.005934] cloud-init[713]: Cloud-init v. 19.3-41-gc4735dd3-0ubuntu1~18.04.1 running 'init' at Wed, 02 Sep 2020 04:20:43 +0000. Up 9.88 seconds.
[   10.007451] cloud-init[713]: ci-info: ++++++++++++++++++++++++++++++++++++++Net device info+++++++++++++++++++++++++++++++++++++++
[   10.020553] cloud-init[713]: ci-info: +--------+------+-----------------------------+---------------+--------+-------------------+
[   10.022005] cloud-init[713]: ci-info: | Device |  Up  |           Address           |      Mask     | Scope  |     Hw-Address    |
[   10.023600] cloud-init[713]: ci-info: +--------+------+-----------------------------+---------------+--------+-------------------+
[   10.025177] cloud-init[713]: ci-info: | enp0s3 | True |          10.0.2.15          | 255.255.255.0 | global | 02:22:e7:1f:39:14 |
[   10.027092] cloud-init[713]: ci-info: | enp0s3 | True |  fe80::22:e7ff:fe1f:3914/64 |       .       |  link  | 02:22:e7:1f:39:14 |
[   10.028816] cloud-init[713]: ci-info: | enp0s8 | True |        192.168.33.10        | 255.255.255.0 | global | 08:00:27:4a:8e:1b |
[   10.030515] cloud-init[713]: ci-info: | enp0s8 | True | fe80::a00:27ff:fe4a:8e1b/64 |       .       |  link  | 08:00:27:4a:8e:1b |
[   10.032216] cloud-init[713]: ci-info: |   lo   | True |          127.0.0.1          |   255.0.0.0   |  host  |         .         |
[   10.033902] cloud-init[713]: ci-info: |   lo   | True |           ::1/128           |       .       |  host  |         .         |
[   10.035593] cloud-init[713]: ci-info: +--------+------+-----------------------------+---------------+--------+-------------------+
[   10.037268] cloud-init[713]: ci-info: +++++++++++++++++++++++++++++Route IPv4 info+++++++++++++++++++++++++++++
[   10.038719] cloud-init[713]: ci-info: +-------+--------------+----------+-----------------+-----------+-------+
[   10.052556] cloud-init[713]: ci-info: | Route | Destination  | Gateway  |     Genmask     | Interface | Flags |
[   10.054303] cloud-init[713]: ci-info: +-------+--------------+----------+-----------------+-----------+-------+
[   10.064195] cloud-init[713]: ci-info: |   0   |   0.0.0.0    | 10.0.2.2 |     0.0.0.0     |   enp0s3  |   UG  |
[   10.076630] cloud-init[713]: ci-info: |   1   |   10.0.2.0   | 0.0.0.0  |  255.255.255.0  |   enp0s3  |   U   |
[   10.077925] cloud-init[713]: ci-info: |   2   |   10.0.2.2   | 0.0.0.0  | 255.255.255.255 |   enp0s3  |   UH  |
[   10.078678] cloud-init[713]: ci-info: |   3   | 192.168.33.0 | 0.0.0.0  |  255.255.255.0  |   enp0s8  |   U   |
[   10.080254] cloud-init[713]: ci-info: +-------+--------------+----------+-----------------+-----------+-------+
[   10.081821] cloud-init[713]: ci-info: +++++++++++++++++++Route IPv6 info+++++++++++++++++++
[   10.083188] cloud-init[713]: ci-info: +-------+-------------+---------+-----------+-------+
[   10.084560] cloud-init[713]: ci-info: | Route | Destination | Gateway | Interface | Flags |
[   10.085909] cloud-init[713]: ci-info: +-------+-------------+---------+-----------+-------+
[   10.088424] cloud-init[713]: ci-info: |   1   |  fe80::/64  |    ::   |   enp0s8  |   U   |
[   10.089771] cloud-init[713]: ci-info: |   2   |  fe80::/64  |    ::   |   enp0s3  |   U   |
[   10.091053] cloud-init[713]: ci-info: |   4   |    local    |    ::   |   enp0s3  |   U   |
[   10.092185] cloud-init[713]: ci-info: |   5   |    local    |    ::   |   enp0s8  |   U   |
[   10.093839] cloud-init[713]: ci-info: |   6   |   ff00::/8  |    ::   |   enp0s8  |   U   |
[   10.095162] cloud-init[713]: ci-info: |   7   |   ff00::/8  |    ::   |   enp0s3  |   U   |
[   10.096497] cloud-init[713]: ci-info: +-------+-------------+---------+-----------+-------+
[[0;32m  OK  [0m] Started Initial cloud-init job (metadata service crawler).
[[0;32m  OK  [0m] Reached target System Initialization.
[[0;32m  OK  [0m] Listening on ACPID Listen Socket.
[[0;32m  OK  [0m] Listening on D-Bus System Message Bus Socket.
         Starting LXD - unix socket.
[[0;32m  OK  [0m] Started Daily apt download activities.
[[0;32m  OK  [0m] Started Daily Cleanup of Temporary Directories.
[[0;32m  OK  [0m] Started Daily apt upgrade and clean activities.
         Starting Socket activation for snappy daemon.
[[0;32m  OK  [0m] Listening on Open-iSCSI iscsid Socket.
[[0;32m  OK  [0m] Listening on UUID daemon activation socket.
[[0;32m  OK  [0m] Started Message of the Day.
[[0;32m  OK  [0m] Started Discard unused blocks once a week.
[[0;32m  OK  [0m] Reached target Timers.
[[0;32m  OK  [0m] Started ACPI Events Check.
[[0;32m  OK  [0m] Reached target Paths.
[[0;32m  OK  [0m] Reached target Cloud-config availability.
[[0;32m  OK  [0m] Reached target Network is Online.
[[0;32m  OK  [0m] Reached target Remote File Systems (Pre).
[[0;32m  OK  [0m] Reached target Remote File Systems.
         Starting Availability of block devices...
[[0;32m  OK  [0m] Listening on LXD - unix socket.
[[0;32m  OK  [0m] Listening on Socket activation for snappy daemon.
[[0;32m  OK  [0m] Started Availability of block devices.
[[0;32m  OK  [0m] Reached target Sockets.
[[0;32m  OK  [0m] Reached target Basic System.
         Starting Discard unused blocks...
         Starting Accounts Service...
[[0;32m  OK  [0m] Started FUSE filesystem for LXC.
[[0;32m  OK  [0m] Started Deferred execution scheduler.
[[0;32m  OK  [0m] Started irqbalance daemon.
         Starting System Logging Service...
[[0;32m  OK  [0m] Started D-Bus System Message Bus.
[[0;32m  OK  [0m] Started Regular background program processing daemon.
         Starting Login Service...
         Starting LSB: automatic crash report generation...
         Starting OpenBSD Secure Shell server...
         Starting Message of the Day...
         Starting LXD - container startup/shutdown...
         Starting Dispatcher daemon for systemd-networkd...
         Starting LSB: Record successful boot for GRUB...
         Starting vboxadd.service...
         Starting Permit User Sessions...
         Starting Snappy daemon...
[[0;32m  OK  [0m] Started System Logging Service.
[[0;32m  OK  [0m] Started Discard unused blocks.
[[0;32m  OK  [0m] Started OpenBSD Secure Shell server.
[[0;32m  OK  [0m] Started Permit User Sessions.
[[0;32m  OK  [0m] Started Login Service.
[[0;32m  OK  [0m] Started Unattended Upgrades Shutdown.
         Starting Terminate Plymouth Boot Screen...
         Starting Hold until boot process finishes up...
         Starting Authorization Manager...
[[0;32m  OK  [0m] Started Hold until boot process finishes up.
[[0;32m  OK  [0m] Started Terminate Plymouth Boot Screen.
[[0;32m  OK  [0m] Started Serial Getty on ttyS0.
         Starting Set console scheme...
[[0;32m  OK  [0m] Started Authorization Manager.
[[0;32m  OK  [0m] Started Accounts Service.
[[0;32m  OK  [0m] Started Set console scheme.
[[0;32m  OK  [0m] Created slice system-getty.slice.
[[0;32m  OK  [0m] Started Getty on tty1.
[[0;32m  OK  [0m] Reached target Login Prompts.
[[0;32m  OK  [0m] Started LSB: automatic crash report generation.
[[0;32m  OK  [0m] Started LSB: Record successful boot for GRUB.
[[0;32m  OK  [0m] Started LXD - container startup/shutdown.
[[0;32m  OK  [0m] Started Dispatcher daemon for systemd-networkd.
[[0;32m  OK  [0m] Started Snappy daemon.
         Starting Wait until snapd is fully seeded...
[[0;32m  OK  [0m] Started Wait until snapd is fully seeded.
         Starting Apply the settings specified in cloud-config...
[[0;32m  OK  [0m] Created slice User Slice of vagrant.
         Starting User Manager for UID 1000...
[[0;32m  OK  [0m] Started Session 1 of user vagrant.
[   12.115364] cloud-init[1187]: Cloud-init v. 19.3-41-gc4735dd3-0ubuntu1~18.04.1 running 'modules:config' at Wed, 02 Sep 2020 04:20:45 +0000. Up 12.00 seconds.
[[0;32m  OK  [0m] Started Apply the settings specified in cloud-config.
[[0;32m  OK  [0m] Started User Manager for UID 1000.
[[0;32m  OK  [0m] Started vboxadd.service.
         Starting vboxadd-service.service...
[[0;32m  OK  [0m] Started vboxadd-service.service.
[[0;32m  OK  [0m] Reached target Multi-User System.
[[0;32m  OK  [0m] Reached target Graphical Interface.
         Starting Update UTMP about System Runlevel Changes...
         Starting Execute cloud user/final scripts...
[[0;32m  OK  [0m] Started Update UTMP about System Runlevel Changes.
[   12.832342] cloud-init[1375]: Cloud-init v. 19.3-41-gc4735dd3-0ubuntu1~18.04.1 running 'modules:final' at Wed, 02 Sep 2020 04:20:46 +0000. Up 12.73 seconds.
[   12.834063] cloud-init[1375]: Cloud-init v. 19.3-41-gc4735dd3-0ubuntu1~18.04.1 finished at Wed, 02 Sep 2020 04:20:46 +0000. Datasource DataSourceNoCloud [seed=/dev/sdb][dsmode=net].  Up 12.82 seconds
[[0;32m  OK  [0m] Started Execute cloud user/final scripts.
         Starting Daily apt download activities...
[[0;32m  OK  [0m] Reached target Cloud-init target.
[[0;32m  OK  [0m] Started Message of the Day.
[[0;32m  OK  [0m] Stopped Wait for Network to be Configured.
         Stopping Network Service...
         Starting Network Service...
[[0;32m  OK  [0m] Started Network Service.

Ubuntu 18.04.3 LTS ubuntu-bionic ttyS0

ubuntu-bionic login:          Starting Load AppArmor profiles managed internally by snapd...
         Starting Socket activation for snappy daemon.
[[0;32m  OK  [0m] Listening on Socket activation for snappy daemon.
         Starting Snap Daemon...
[[0;32m  OK  [0m] Started Load AppArmor profiles managed internally by snapd.
[[0;32m  OK  [0m] Started Snap Daemon.
         Starting Wait until snapd is fully seeded...
[[0;32m  OK  [0m] Started Wait until snapd is fully seeded.
         Stopping LSB: automatic crash report generation...
[[0;32m  OK  [0m] Stopped LSB: automatic crash report generation.
         Starting LSB: automatic crash report generation...
[[0;32m  OK  [0m] Started LSB: automatic crash report generation.
         Stopping LSB: Record successful boot for GRUB...
[[0;32m  OK  [0m] Stopped LSB: Record successful boot for GRUB.
         Starting LSB: Record successful boot for GRUB...
[[0;32m  OK  [0m] Started LSB: Record successful boot for GRUB.
[[0;32m  OK  [0m] Started Daily apt upgrade and clean activities.
